<?xml version="1.0" encoding="UTF-8"?>
<!-- Generated by org.testng.reporters.JUnitXMLReporter -->
<testsuite hostname="DESKTOP-PSORTJL" name="Test" tests="12" failures="0" timestamp="4 Apr 2019 18:13:44 GMT" time="0.065" errors="0">
  <testcase name="add1" time="0.021" classname="org.qa.tests.Calc1"/>
  <testcase name="divide1" time="0.0" classname="org.qa.tests.Calc1"/>
  <testcase name="multiply1" time="0.008" classname="org.qa.tests.Calc1"/>
  <testcase name="subtract1" time="0.0" classname="org.qa.tests.Calc1"/>
  <testcase name="add3" time="0.0" classname="org.qa.tests.Calc3"/>
  <testcase name="divide3" time="0.005" classname="org.qa.tests.Calc3"/>
  <testcase name="multiply3" time="0.002" classname="org.qa.tests.Calc3"/>
  <testcase name="subtract3" time="0.001" classname="org.qa.tests.Calc3"/>
  <testcase name="add2" time="0.001" classname="org.qa.tests.Calc2"/>
  <testcase name="divide2" time="0.0" classname="org.qa.tests.Calc2"/>
  <testcase name="multiply2" time="0.0" classname="org.qa.tests.Calc2"/>
  <testcase name="subtract2" time="0.0" classname="org.qa.tests.Calc2"/>
</testsuite> <!-- Test -->
