<?xml version="1.0" encoding="UTF-8"?>
<testsuite xmlns:xsi="http://www.w3.org/2001/XMLSchema-instance" xsi:schemaLocation="https://maven.apache.org/surefire/maven-surefire-plugin/xsd/surefire-test-report.xsd" name="TestSuite" time="0.776" tests="12" errors="0" skipped="0" failures="0">
  <properties>
[...]
</properties>
  <testcase name="add1" classname="org.qa.tests.Calc1" time="0.021"/>
  <testcase name="divide1" classname="org.qa.tests.Calc1" time="0.001"/>
  <testcase name="multiply1" classname="org.qa.tests.Calc1" time="0.005"/>
  <testcase name="subtract1" classname="org.qa.tests.Calc1" time="0"/>
  <testcase name="add3" classname="org.qa.tests.Calc3" time="0"/>
  <testcase name="divide3" classname="org.qa.tests.Calc3" time="0.005"/>
  <testcase name="multiply3" classname="org.qa.tests.Calc3" time="0.001"/>
  <testcase name="subtract3" classname="org.qa.tests.Calc3" time="0.001"/>
  <testcase name="add2" classname="org.qa.tests.Calc2" time="0.001"/>
  <testcase name="divide2" classname="org.qa.tests.Calc2" time="0.001"/>
  <testcase name="multiply2" classname="org.qa.tests.Calc2" time="0.001"/>
  <testcase name="subtract2" classname="org.qa.tests.Calc2" time="0.001"/>
</testsuite>